{"C:\\Users\\user\\Desktop\\workspace\\server\\src\\api\\index.ts": {"path":"C:\\Users\\user\\Desktop\\workspace\\server\\src\\api\\index.ts","statementMap":{"0":{"start":{"line":1,"column":0},"end":{"line":1,"column":50}},"1":{"start":{"line":3,"column":0},"end":{"line":3,"column":31}},"2":{"start":{"line":5,"column":0},"end":{"line":5,"column":50}},"3":{"start":{"line":6,"column":0},"end":{"line":6,"column":67}},"4":{"start":{"line":7,"column":0},"end":{"line":7,"column":52}},"5":{"start":{"line":8,"column":0},"end":{"line":8,"column":41}},"6":{"start":{"line":9,"column":0},"end":{"line":9,"column":39}},"7":{"start":{"line":10,"column":0},"end":{"line":10,"column":50}},"8":{"start":{"line":11,"column":0},"end":{"line":11,"column":39}},"9":{"start":{"line":12,"column":0},"end":{"line":12,"column":56}},"10":{"start":{"line":15,"column":13},"end":{"line":21,"column":2}},"11":{"start":{"line":23,"column":13},"end":{"line":28,"column":null}}},"fnMap":{},"branchMap":{},"s":{"0":1,"1":1,"2":1,"3":1,"4":1,"5":1,"6":1,"7":1,"8":1,"9":1,"10":1,"11":1},"f":{},"b":{}}
,"C:\\Users\\user\\Desktop\\workspace\\server\\src\\api\\base\\base.schema.ts": {"path":"C:\\Users\\user\\Desktop\\workspace\\server\\src\\api\\base\\base.schema.ts","statementMap":{"0":{"start":{"line":1,"column":0},"end":{"line":1,"column":36}},"1":{"start":{"line":3,"column":13},"end":{"line":17,"column":2}}},"fnMap":{},"branchMap":{"0":{"loc":{"start":{"line":3,"column":31},"end":{"line":3,"column":null}},"type":"binary-expr","locations":[{"start":{"line":3,"column":31},"end":{"line":3,"column":null}},{"start":{"line":3,"column":31},"end":{"line":17,"column":2}}]}},"s":{"0":1,"1":1},"f":{},"b":{"0":[1,1]}}
,"C:\\Users\\user\\Desktop\\workspace\\server\\src\\api\\base\\index.ts": {"path":"C:\\Users\\user\\Desktop\\workspace\\server\\src\\api\\base\\index.ts","statementMap":{"0":{"start":{"line":1,"column":0},"end":{"line":1,"column":47}},"1":{"start":{"line":3,"column":13},"end":{"line":5,"column":2}}},"fnMap":{},"branchMap":{},"s":{"0":1,"1":1},"f":{},"b":{}}
,"C:\\Users\\user\\Desktop\\workspace\\server\\src\\api\\keep-alive\\index.ts": {"path":"C:\\Users\\user\\Desktop\\workspace\\server\\src\\api\\keep-alive\\index.ts","statementMap":{"0":{"start":{"line":1,"column":0},"end":{"line":1,"column":null}},"1":{"start":{"line":2,"column":4},"end":{"line":2,"column":null}},"2":{"start":{"line":3,"column":4},"end":{"line":3,"column":null}},"3":{"start":{"line":4,"column":4},"end":{"line":4,"column":null}},"4":{"start":{"line":5,"column":4},"end":{"line":5,"column":null}},"5":{"start":{"line":6,"column":4},"end":{"line":6,"column":null}},"6":{"start":{"line":9,"column":13},"end":{"line":23,"column":null}},"7":{"start":{"line":12,"column":12},"end":{"line":16,"column":14}},"8":{"start":{"line":20,"column":26},"end":{"line":20,"column":null}},"9":{"start":{"line":21,"column":25},"end":{"line":21,"column":null}}},"fnMap":{"0":{"name":"(anonymous_0)","decl":{"start":{"line":1,"column":0},"end":{"line":1,"column":12}},"loc":{"start":{"line":1,"column":27},"end":{"line":7,"column":1}}},"1":{"name":"(anonymous_1)","decl":{"start":{"line":11,"column":19},"end":{"line":11,"column":20}},"loc":{"start":{"line":11,"column":42},"end":{"line":17,"column":9}}},"2":{"name":"(anonymous_2)","decl":{"start":{"line":20,"column":16},"end":{"line":20,"column":22}},"loc":{"start":{"line":20,"column":22},"end":{"line":20,"column":41}}},"3":{"name":"(anonymous_3)","decl":{"start":{"line":21,"column":15},"end":{"line":21,"column":21}},"loc":{"start":{"line":21,"column":21},"end":{"line":21,"column":31}}}},"branchMap":{"0":{"loc":{"start":{"line":1,"column":12},"end":{"line":1,"column":27}},"type":"binary-expr","locations":[{"start":{"line":1,"column":12},"end":{"line":1,"column":27}},{"start":{"line":1,"column":12},"end":{"line":1,"column":null}}]}},"s":{"0":1,"1":1,"2":1,"3":1,"4":1,"5":1,"6":1,"7":0,"8":2,"9":2},"f":{"0":1,"1":0,"2":2,"3":2},"b":{"0":[1,1]}}
,"C:\\Users\\user\\Desktop\\workspace\\server\\src\\api\\keep-alive\\keep-alive.schema.ts": {"path":"C:\\Users\\user\\Desktop\\workspace\\server\\src\\api\\keep-alive\\keep-alive.schema.ts","statementMap":{"0":{"start":{"line":1,"column":0},"end":{"line":1,"column":36}},"1":{"start":{"line":3,"column":13},"end":{"line":21,"column":2}}},"fnMap":{},"branchMap":{"0":{"loc":{"start":{"line":3,"column":36},"end":{"line":3,"column":null}},"type":"binary-expr","locations":[{"start":{"line":3,"column":36},"end":{"line":3,"column":null}},{"start":{"line":3,"column":36},"end":{"line":21,"column":2}}]}},"s":{"0":1,"1":1},"f":{},"b":{"0":[1,1]}}
,"C:\\Users\\user\\Desktop\\workspace\\server\\src\\api\\loby\\index.ts": {"path":"C:\\Users\\user\\Desktop\\workspace\\server\\src\\api\\loby\\index.ts","statementMap":{"0":{"start":{"line":1,"column":0},"end":{"line":1,"column":57}},"1":{"start":{"line":2,"column":0},"end":{"line":2,"column":47}},"2":{"start":{"line":5,"column":13},"end":{"line":21,"column":2}},"3":{"start":{"line":7,"column":26},"end":{"line":7,"column":null}},"4":{"start":{"line":11,"column":27},"end":{"line":11,"column":66}},"5":{"start":{"line":12,"column":12},"end":{"line":14,"column":null}},"6":{"start":{"line":13,"column":16},"end":{"line":13,"column":57}},"7":{"start":{"line":15,"column":12},"end":{"line":15,"column":57}},"8":{"start":{"line":16,"column":12},"end":{"line":18,"column":14}}},"fnMap":{"0":{"name":"(anonymous_2)","decl":{"start":{"line":7,"column":20},"end":{"line":7,"column":26}},"loc":{"start":{"line":7,"column":20},"end":{"line":7,"column":30}}},"1":{"name":"(anonymous_3)","decl":{"start":{"line":10,"column":28},"end":{"line":10,"column":29}},"loc":{"start":{"line":10,"column":52},"end":{"line":19,"column":9}}}},"branchMap":{"0":{"loc":{"start":{"line":12,"column":12},"end":{"line":14,"column":null}},"type":"if","locations":[{"start":{"line":12,"column":12},"end":{"line":14,"column":null}},{"start":{"line":12,"column":12},"end":{"line":14,"column":null}}]}},"s":{"0":2,"1":2,"2":2,"3":1,"4":2,"5":2,"6":1,"7":1,"8":1},"f":{"0":1,"1":2},"b":{"0":[1,1]}}
,"C:\\Users\\user\\Desktop\\workspace\\server\\src\\api\\loby\\loby.schema.ts": {"path":"C:\\Users\\user\\Desktop\\workspace\\server\\src\\api\\loby\\loby.schema.ts","statementMap":{"0":{"start":{"line":1,"column":0},"end":{"line":1,"column":36}},"1":{"start":{"line":3,"column":13},"end":{"line":23,"column":2}}},"fnMap":{},"branchMap":{"0":{"loc":{"start":{"line":3,"column":31},"end":{"line":3,"column":null}},"type":"binary-expr","locations":[{"start":{"line":3,"column":31},"end":{"line":3,"column":null}},{"start":{"line":3,"column":31},"end":{"line":23,"column":2}}]}},"s":{"0":1,"1":1},"f":{},"b":{"0":[1,1]}}
,"C:\\Users\\user\\Desktop\\workspace\\server\\src\\api\\login\\index.ts": {"path":"C:\\Users\\user\\Desktop\\workspace\\server\\src\\api\\login\\index.ts","statementMap":{"0":{"start":{"line":2,"column":0},"end":{"line":2,"column":56}},"1":{"start":{"line":5,"column":13},"end":{"line":17,"column":null}},"2":{"start":{"line":8,"column":27},"end":{"line":8,"column":77}},"3":{"start":{"line":9,"column":12},"end":{"line":13,"column":null}},"4":{"start":{"line":10,"column":16},"end":{"line":12,"column":18}},"5":{"start":{"line":14,"column":12},"end":{"line":14,"column":52}}},"fnMap":{"0":{"name":"(anonymous_0)","decl":{"start":{"line":7,"column":15},"end":{"line":7,"column":16}},"loc":{"start":{"line":7,"column":38},"end":{"line":15,"column":9}}}},"branchMap":{"0":{"loc":{"start":{"line":9,"column":12},"end":{"line":13,"column":null}},"type":"if","locations":[{"start":{"line":9,"column":12},"end":{"line":13,"column":null}},{"start":{"line":9,"column":12},"end":{"line":13,"column":null}}]}},"s":{"0":2,"1":2,"2":3,"3":3,"4":2,"5":1},"f":{"0":3},"b":{"0":[2,1]}}
,"C:\\Users\\user\\Desktop\\workspace\\server\\src\\api\\login\\login.schema.ts": {"path":"C:\\Users\\user\\Desktop\\workspace\\server\\src\\api\\login\\login.schema.ts","statementMap":{"0":{"start":{"line":1,"column":0},"end":{"line":1,"column":36}},"1":{"start":{"line":4,"column":13},"end":{"line":17,"column":2}}},"fnMap":{},"branchMap":{"0":{"loc":{"start":{"line":4,"column":31},"end":{"line":4,"column":null}},"type":"binary-expr","locations":[{"start":{"line":4,"column":31},"end":{"line":4,"column":null}},{"start":{"line":4,"column":31},"end":{"line":17,"column":2}}]}},"s":{"0":1,"1":1},"f":{},"b":{"0":[1,1]}}
,"C:\\Users\\user\\Desktop\\workspace\\server\\src\\api\\player\\player.schema.ts": {"path":"C:\\Users\\user\\Desktop\\workspace\\server\\src\\api\\player\\player.schema.ts","statementMap":{"0":{"start":{"line":1,"column":0},"end":{"line":1,"column":36}},"1":{"start":{"line":3,"column":13},"end":{"line":27,"column":2}}},"fnMap":{},"branchMap":{"0":{"loc":{"start":{"line":3,"column":33},"end":{"line":3,"column":null}},"type":"binary-expr","locations":[{"start":{"line":3,"column":33},"end":{"line":3,"column":null}},{"start":{"line":3,"column":33},"end":{"line":27,"column":2}}]}},"s":{"0":1,"1":1},"f":{},"b":{"0":[1,1]}}
,"C:\\Users\\user\\Desktop\\workspace\\server\\src\\core\\services\\game\\game.service.ts": {"path":"C:\\Users\\user\\Desktop\\workspace\\server\\src\\core\\services\\game\\game.service.ts","statementMap":{"0":{"start":{"line":1,"column":0},"end":{"line":1,"column":72}},"1":{"start":{"line":2,"column":0},"end":{"line":2,"column":41}},"2":{"start":{"line":8,"column":0},"end":{"line":8,"column":null}},"3":{"start":{"line":11,"column":8},"end":{"line":13,"column":10}},"4":{"start":{"line":16,"column":4},"end":{"line":18,"column":null}},"5":{"start":{"line":17,"column":8},"end":{"line":17,"column":43}},"6":{"start":{"line":20,"column":4},"end":{"line":24,"column":null}},"7":{"start":{"line":21,"column":33},"end":{"line":21,"column":35}},"8":{"start":{"line":22,"column":8},"end":{"line":22,"column":78}},"9":{"start":{"line":22,"column":45},"end":{"line":22,"column":77}},"10":{"start":{"line":23,"column":8},"end":{"line":23,"column":23}},"11":{"start":{"line":26,"column":4},"end":{"line":38,"column":null}},"12":{"start":{"line":27,"column":8},"end":{"line":27,"column":null}},"13":{"start":{"line":27,"column":39},"end":{"line":27,"column":52}},"14":{"start":{"line":29,"column":20},"end":{"line":29,"column":31}},"15":{"start":{"line":30,"column":8},"end":{"line":36,"column":null}},"16":{"start":{"line":31,"column":27},"end":{"line":31,"column":48}},"17":{"start":{"line":32,"column":12},"end":{"line":32,"column":51}},"18":{"start":{"line":34,"column":12},"end":{"line":34,"column":48}},"19":{"start":{"line":35,"column":12},"end":{"line":35,"column":26}},"20":{"start":{"line":37,"column":8},"end":{"line":37,"column":21}},"21":{"start":{"line":40,"column":4},"end":{"line":44,"column":null}},"22":{"start":{"line":41,"column":8},"end":{"line":43,"column":10}},"23":{"start":{"line":45,"column":0},"end":{"line":45,"column":null}},"24":{"start":{"line":47,"column":13},"end":{"line":47,"column":23}},"25":{"start":{"line":48,"column":0},"end":{"line":48,"column":20}}},"fnMap":{"0":{"name":"(anonymous_0)","decl":{"start":{"line":8,"column":0},"end":{"line":8,"column":null}},"loc":{"start":{"line":8,"column":0},"end":{"line":45,"column":null}}},"1":{"name":"Game","decl":{"start":{"line":10,"column":4},"end":{"line":10,"column":null}},"loc":{"start":{"line":10,"column":4},"end":{"line":14,"column":5}}},"2":{"name":"(anonymous_2)","decl":{"start":{"line":16,"column":4},"end":{"line":16,"column":13}},"loc":{"start":{"line":16,"column":25},"end":{"line":18,"column":5}}},"3":{"name":"(anonymous_3)","decl":{"start":{"line":20,"column":4},"end":{"line":20,"column":14}},"loc":{"start":{"line":20,"column":4},"end":{"line":24,"column":5}}},"4":{"name":"(anonymous_4)","decl":{"start":{"line":22,"column":35},"end":{"line":22,"column":41}},"loc":{"start":{"line":22,"column":41},"end":{"line":22,"column":52}}},"5":{"name":"(anonymous_5)","decl":{"start":{"line":26,"column":4},"end":{"line":26,"column":16}},"loc":{"start":{"line":26,"column":21},"end":{"line":38,"column":5}}},"6":{"name":"(anonymous_6)","decl":{"start":{"line":40,"column":4},"end":{"line":40,"column":17}},"loc":{"start":{"line":40,"column":4},"end":{"line":44,"column":5}}}},"branchMap":{"0":{"loc":{"start":{"line":27,"column":8},"end":{"line":27,"column":null}},"type":"if","locations":[{"start":{"line":27,"column":8},"end":{"line":27,"column":null}},{"start":{"line":27,"column":8},"end":{"line":27,"column":null}}]},"1":{"loc":{"start":{"line":30,"column":8},"end":{"line":36,"column":null}},"type":"if","locations":[{"start":{"line":30,"column":8},"end":{"line":36,"column":null}},{"start":{"line":30,"column":8},"end":{"line":36,"column":null}}]}},"s":{"0":4,"1":4,"2":4,"3":4,"4":4,"5":3,"6":4,"7":1,"8":1,"9":2,"10":1,"11":4,"12":10,"13":1,"14":9,"15":9,"16":8,"17":8,"18":8,"19":8,"20":1,"21":4,"22":6,"23":4,"24":4,"25":4},"f":{"0":4,"1":4,"2":3,"3":1,"4":2,"5":10,"6":6},"b":{"0":[1,9],"1":[8,1]}}
,"C:\\Users\\user\\Desktop\\workspace\\server\\src\\core\\services\\player\\player.service.ts": {"path":"C:\\Users\\user\\Desktop\\workspace\\server\\src\\core\\services\\player\\player.service.ts","statementMap":{"0":{"start":{"line":1,"column":0},"end":{"line":1,"column":53}},"1":{"start":{"line":10,"column":0},"end":{"line":10,"column":null}},"2":{"start":{"line":11,"column":4},"end":{"line":11,"column":null}},"3":{"start":{"line":12,"column":4},"end":{"line":12,"column":null}},"4":{"start":{"line":13,"column":4},"end":{"line":13,"column":null}},"5":{"start":{"line":14,"column":4},"end":{"line":14,"column":null}},"6":{"start":{"line":15,"column":4},"end":{"line":15,"column":null}},"7":{"start":{"line":16,"column":4},"end":{"line":16,"column":null}},"8":{"start":{"line":17,"column":4},"end":{"line":17,"column":null}},"9":{"start":{"line":18,"column":4},"end":{"line":18,"column":null}},"10":{"start":{"line":19,"column":4},"end":{"line":19,"column":null}},"11":{"start":{"line":22,"column":0},"end":{"line":22,"column":13}},"12":{"start":{"line":25,"column":24},"end":{"line":25,"column":36}},"13":{"start":{"line":25,"column":46},"end":{"line":25,"column":57}},"14":{"start":{"line":26,"column":8},"end":{"line":31,"column":10}},"15":{"start":{"line":34,"column":4},"end":{"line":36,"column":null}},"16":{"start":{"line":35,"column":8},"end":{"line":35,"column":27}},"17":{"start":{"line":38,"column":4},"end":{"line":41,"column":null}},"18":{"start":{"line":39,"column":8},"end":{"line":39,"column":36}},"19":{"start":{"line":40,"column":8},"end":{"line":40,"column":null}},"20":{"start":{"line":42,"column":0},"end":{"line":42,"column":null}},"21":{"start":{"line":22,"column":13},"end":{"line":22,"column":19}}},"fnMap":{"0":{"name":"(anonymous_0)","decl":{"start":{"line":10,"column":0},"end":{"line":10,"column":12}},"loc":{"start":{"line":10,"column":24},"end":{"line":20,"column":1}}},"1":{"name":"(anonymous_1)","decl":{"start":{"line":22,"column":0},"end":{"line":22,"column":13}},"loc":{"start":{"line":22,"column":0},"end":{"line":42,"column":null}}},"2":{"name":"Player","decl":{"start":{"line":25,"column":4},"end":{"line":25,"column":24}},"loc":{"start":{"line":25,"column":57},"end":{"line":32,"column":5}}},"3":{"name":"(anonymous_3)","decl":{"start":{"line":34,"column":4},"end":{"line":34,"column":12}},"loc":{"start":{"line":34,"column":4},"end":{"line":36,"column":5}}},"4":{"name":"(anonymous_4)","decl":{"start":{"line":38,"column":4},"end":{"line":38,"column":13}},"loc":{"start":{"line":38,"column":34},"end":{"line":41,"column":5}}}},"branchMap":{"0":{"loc":{"start":{"line":10,"column":12},"end":{"line":10,"column":24}},"type":"binary-expr","locations":[{"start":{"line":10,"column":12},"end":{"line":10,"column":24}},{"start":{"line":10,"column":12},"end":{"line":10,"column":null}}]}},"s":{"0":5,"1":5,"2":5,"3":5,"4":5,"5":5,"6":5,"7":5,"8":5,"9":5,"10":5,"11":5,"12":11,"13":11,"14":11,"15":5,"16":12,"17":5,"18":9,"19":9,"20":5,"21":5},"f":{"0":5,"1":5,"2":11,"3":12,"4":9},"b":{"0":[5,5]}}
,"C:\\Users\\user\\Desktop\\workspace\\server\\src\\core\\utils\\pubsub.ts": {"path":"C:\\Users\\user\\Desktop\\workspace\\server\\src\\core\\utils\\pubsub.ts","statementMap":{"0":{"start":{"line":1,"column":0},"end":{"line":1,"column":39}},"1":{"start":{"line":4,"column":0},"end":{"line":4,"column":null}},"2":{"start":{"line":5,"column":4},"end":{"line":5,"column":null}},"3":{"start":{"line":8,"column":13},"end":{"line":8,"column":35}}},"fnMap":{"0":{"name":"(anonymous_0)","decl":{"start":{"line":4,"column":0},"end":{"line":4,"column":12}},"loc":{"start":{"line":4,"column":19},"end":{"line":6,"column":1}}}},"branchMap":{"0":{"loc":{"start":{"line":4,"column":12},"end":{"line":4,"column":19}},"type":"binary-expr","locations":[{"start":{"line":4,"column":12},"end":{"line":4,"column":19}},{"start":{"line":4,"column":12},"end":{"line":4,"column":null}}]}},"s":{"0":5,"1":5,"2":5,"3":5},"f":{"0":5},"b":{"0":[5,5]}}
,"C:\\Users\\user\\Desktop\\workspace\\server\\src\\core\\utils\\utils.ts": {"path":"C:\\Users\\user\\Desktop\\workspace\\server\\src\\core\\utils\\utils.ts","statementMap":{"0":{"start":{"line":2,"column":21},"end":{"line":2,"column":39}},"1":{"start":{"line":3,"column":4},"end":{"line":3,"column":19}},"2":{"start":{"line":1,"column":0},"end":{"line":1,"column":16}}},"fnMap":{"0":{"name":"crypt","decl":{"start":{"line":1,"column":16},"end":{"line":1,"column":21}},"loc":{"start":{"line":1,"column":26},"end":{"line":4,"column":1}}}},"branchMap":{},"s":{"0":12,"1":12,"2":4},"f":{"0":12},"b":{}}
,"C:\\Users\\user\\Desktop\\workspace\\server\\tests-utils\\test.spec.ts": {"path":"C:\\Users\\user\\Desktop\\workspace\\server\\tests-utils\\test.spec.ts","statementMap":{"0":{"start":{"line":1,"column":0},"end":{"line":1,"column":53}},"1":{"start":{"line":2,"column":0},"end":{"line":2,"column":31}},"2":{"start":{"line":3,"column":0},"end":{"line":3,"column":34}},"3":{"start":{"line":4,"column":0},"end":{"line":4,"column":49}},"4":{"start":{"line":6,"column":23},"end":{"line":8,"column":2}},"5":{"start":{"line":7,"column":34},"end":{"line":7,"column":40}},"6":{"start":{"line":13,"column":4},"end":{"line":13,"column":null}},"7":{"start":{"line":14,"column":29},"end":{"line":17,"column":6}},"8":{"start":{"line":18,"column":4},"end":{"line":18,"column":64}},"9":{"start":{"line":10,"column":0},"end":{"line":10,"column":16}}},"fnMap":{"0":{"name":"(anonymous_1)","decl":{"start":{"line":7,"column":28},"end":{"line":7,"column":34}},"loc":{"start":{"line":7,"column":28},"end":{"line":7,"column":38}}},"1":{"name":"executeQuery","decl":{"start":{"line":10,"column":16},"end":{"line":10,"column":28}},"loc":{"start":{"line":13,"column":28},"end":{"line":19,"column":1}}}},"branchMap":{"0":{"loc":{"start":{"line":13,"column":4},"end":{"line":13,"column":null}},"type":"if","locations":[{"start":{"line":13,"column":4},"end":{"line":13,"column":null}},{"start":{"line":13,"column":4},"end":{"line":13,"column":null}}]}},"s":{"0":1,"1":1,"2":1,"3":1,"4":1,"5":0,"6":6,"7":3,"8":3,"9":1},"f":{"0":0,"1":3},"b":{"0":[3,0]}}
}
