TN:
SF:src\api\index.ts
FNF:0
FNH:0
DA:1,1
DA:3,1
DA:5,1
DA:6,1
DA:7,1
DA:8,1
DA:11,1
DA:13,1
LF:8
LH:8
BRF:0
BRH:0
end_of_record
TN:
SF:src\api\base\base.schema.ts
FNF:0
FNH:0
DA:1,1
DA:3,1
LF:2
LH:2
BRDA:3,0,0,1
BRDA:3,0,1,1
BRF:2
BRH:2
end_of_record
TN:
SF:src\api\keep-alive\index.ts
FN:1,(anonymous_0)
FN:11,(anonymous_1)
FN:20,(anonymous_2)
FN:21,(anonymous_3)
FNF:4
FNH:3
FNDA:1,(anonymous_0)
FNDA:0,(anonymous_1)
FNDA:2,(anonymous_2)
FNDA:2,(anonymous_3)
DA:1,1
DA:2,1
DA:3,1
DA:4,1
DA:5,1
DA:6,1
DA:9,1
DA:12,0
DA:20,2
DA:21,2
LF:10
LH:9
BRDA:1,0,0,1
BRDA:1,0,1,1
BRF:2
BRH:2
end_of_record
TN:
SF:src\api\keep-alive\keep-alive.schema.ts
FNF:0
FNH:0
DA:1,1
DA:3,1
LF:2
LH:2
BRDA:3,0,0,1
BRDA:3,0,1,1
BRF:2
BRH:2
end_of_record
TN:
SF:src\api\login\index.ts
FN:7,(anonymous_0)
FNF:1
FNH:1
FNDA:3,(anonymous_0)
DA:2,2
DA:5,2
DA:8,3
DA:9,3
DA:10,2
DA:14,1
LF:6
LH:6
BRDA:9,0,0,2
BRDA:9,0,1,1
BRF:2
BRH:2
end_of_record
TN:
SF:src\api\login\login.schema.ts
FNF:0
FNH:0
DA:1,1
DA:4,1
LF:2
LH:2
BRDA:4,0,0,1
BRDA:4,0,1,1
BRF:2
BRH:2
end_of_record
TN:
SF:src\core\services\game\game.service.ts
FN:8,(anonymous_0)
FN:10,Game
FN:16,(anonymous_2)
FN:20,(anonymous_3)
FN:32,(anonymous_4)
FNF:5
FNH:4
FNDA:3,(anonymous_0)
FNDA:3,Game
FNDA:0,(anonymous_2)
FNDA:4,(anonymous_3)
FNDA:3,(anonymous_4)
DA:1,3
DA:2,3
DA:8,3
DA:11,3
DA:16,3
DA:17,0
DA:20,3
DA:21,4
DA:23,3
DA:24,3
DA:25,2
DA:26,2
DA:27,2
DA:29,1
DA:32,3
DA:33,3
DA:37,3
DA:39,3
DA:40,3
LF:19
LH:18
BRDA:21,0,0,1
BRDA:21,0,1,3
BRDA:24,1,0,2
BRDA:24,1,1,1
BRF:4
BRH:4
end_of_record
TN:
SF:src\core\services\player\player.service.ts
FN:1,(anonymous_0)
FN:2,Player
FN:4,(anonymous_2)
FNF:3
FNH:3
FNDA:3,(anonymous_0)
FNDA:3,Player
FNDA:2,(anonymous_2)
DA:1,3
DA:2,3
DA:4,3
DA:5,2
DA:10,3
LF:5
LH:5
BRF:0
BRH:0
end_of_record
TN:
SF:src\core\utils\utils.ts
FN:1,crypt
FNF:1
FNH:1
FNDA:3,crypt
DA:1,3
DA:2,3
DA:3,3
LF:3
LH:3
BRF:0
BRH:0
end_of_record
TN:
SF:tests-utils\test.spec.ts
FN:7,(anonymous_1)
FN:10,executeQuery
FNF:2
FNH:1
FNDA:0,(anonymous_1)
FNDA:3,executeQuery
DA:1,1
DA:2,1
DA:3,1
DA:4,1
DA:6,1
DA:7,0
DA:10,1
DA:13,6
DA:14,3
DA:18,3
LF:10
LH:9
BRDA:13,0,0,3
BRDA:13,0,1,0
BRF:2
BRH:1
end_of_record
